2023-03-20 07:10:14,679 INFO  [restartedMain] com.library.LibraryApplication:Starting LibraryApplication using Java 19.0.2 on Veysel with PID 22208 (C:\Users\Veysel\IdeaProjects\Projects\Library-Update\target\classes started by Veysel in C:\Users\Veysel\IdeaProjects\Projects\Library-Update)
2023-03-20 07:10:14,684 INFO  [restartedMain] com.library.LibraryApplication:No active profile set, falling back to 1 default profile: "default"
2023-03-20 07:10:14,739 INFO  [restartedMain] org.springframework.boot.devtools.env.DevToolsPropertyDefaultsPostProcessor:Devtools property defaults active! Set 'spring.devtools.add-properties' to 'false' to disable
2023-03-20 07:10:14,739 INFO  [restartedMain] org.springframework.boot.devtools.env.DevToolsPropertyDefaultsPostProcessor:For additional web related logging consider setting the 'logging.level.web' property to 'DEBUG'
2023-03-20 07:10:15,937 INFO  [restartedMain] org.springframework.data.repository.config.RepositoryConfigurationDelegate:Bootstrapping Spring Data JPA repositories in DEFAULT mode.
2023-03-20 07:10:16,051 INFO  [restartedMain] org.springframework.data.repository.config.RepositoryConfigurationDelegate:Finished Spring Data repository scanning in 105 ms. Found 8 JPA repository interfaces.
2023-03-20 07:10:16,805 INFO  [restartedMain] org.springframework.boot.web.embedded.tomcat.TomcatWebServer:Tomcat initialized with port(s): 8080 (http)
2023-03-20 07:10:16,817 INFO  [restartedMain] org.apache.catalina.core.StandardService:Starting service [Tomcat]
2023-03-20 07:10:16,817 INFO  [restartedMain] org.apache.catalina.core.StandardEngine:Starting Servlet engine: [Apache Tomcat/9.0.71]
2023-03-20 07:10:16,928 INFO  [restartedMain] org.apache.catalina.core.ContainerBase.[Tomcat].[localhost].[/]:Initializing Spring embedded WebApplicationContext
2023-03-20 07:10:16,929 INFO  [restartedMain] org.springframework.boot.web.servlet.context.ServletWebServerApplicationContext:Root WebApplicationContext: initialization completed in 2189 ms
2023-03-20 07:10:17,244 INFO  [restartedMain] org.hibernate.jpa.internal.util.LogHelper:HHH000204: Processing PersistenceUnitInfo [name: default]
2023-03-20 07:10:17,324 INFO  [restartedMain] org.hibernate.Version:HHH000412: Hibernate ORM core version 5.6.14.Final
2023-03-20 07:10:17,541 INFO  [restartedMain] org.hibernate.annotations.common.Version:HCANN000001: Hibernate Commons Annotations {5.1.2.Final}
2023-03-20 07:10:17,674 INFO  [restartedMain] com.zaxxer.hikari.HikariDataSource:HikariPool-1 - Starting...
2023-03-20 07:10:17,826 INFO  [restartedMain] com.zaxxer.hikari.HikariDataSource:HikariPool-1 - Start completed.
2023-03-20 07:10:17,848 INFO  [restartedMain] org.hibernate.dialect.Dialect:HHH000400: Using dialect: org.hibernate.dialect.PostgreSQLDialect
2023-03-20 07:10:18,993 INFO  [restartedMain] org.hibernate.engine.transaction.jta.platform.internal.JtaPlatformInitiator:HHH000490: Using JtaPlatform implementation: [org.hibernate.engine.transaction.jta.platform.internal.NoJtaPlatform]
2023-03-20 07:10:19,002 INFO  [restartedMain] org.springframework.orm.jpa.LocalContainerEntityManagerFactoryBean:Initialized JPA EntityManagerFactory for persistence unit 'default'
2023-03-20 07:10:20,032 INFO  [restartedMain] org.springframework.security.web.DefaultSecurityFilterChain:Will secure any request with [org.springframework.security.web.session.DisableEncodeUrlFilter@24d9c2ea, org.springframework.security.web.context.request.async.WebAsyncManagerIntegrationFilter@2106c8fb, org.springframework.security.web.context.SecurityContextPersistenceFilter@3a2e9637, org.springframework.security.web.header.HeaderWriterFilter@29e11ed0, org.springframework.security.web.authentication.logout.LogoutFilter@7538f704, com.library.security.jwt.AuthTokenFilter@352e8637, org.springframework.security.web.savedrequest.RequestCacheAwareFilter@55255d69, org.springframework.security.web.servletapi.SecurityContextHolderAwareRequestFilter@2f98ffbc, org.springframework.security.web.authentication.AnonymousAuthenticationFilter@1d520835, org.springframework.security.web.session.SessionManagementFilter@6d7332e0, org.springframework.security.web.access.ExceptionTranslationFilter@645bf98e, org.springframework.security.web.access.intercept.FilterSecurityInterceptor@4078b44e]
2023-03-20 07:10:20,078 WARN  [restartedMain] org.springframework.boot.autoconfigure.orm.jpa.JpaBaseConfiguration$JpaWebConfiguration:spring.jpa.open-in-view is enabled by default. Therefore, database queries may be performed during view rendering. Explicitly configure spring.jpa.open-in-view to disable this warning
2023-03-20 07:10:20,720 INFO  [restartedMain] org.springframework.boot.devtools.autoconfigure.OptionalLiveReloadServer:LiveReload server is running on port 35729
2023-03-20 07:10:20,729 INFO  [restartedMain] org.springframework.boot.actuate.endpoint.web.EndpointLinksResolver:Exposing 15 endpoint(s) beneath base path '/actuator'
2023-03-20 07:10:20,799 INFO  [restartedMain] org.springframework.boot.web.embedded.tomcat.TomcatWebServer:Tomcat started on port(s): 8080 (http) with context path ''
2023-03-20 07:10:20,819 INFO  [restartedMain] com.library.LibraryApplication:Started LibraryApplication in 6.637 seconds (JVM running for 7.575)
2023-03-20 07:10:21,265 INFO  [RMI TCP Connection(2)-172.31.224.1] org.apache.catalina.core.ContainerBase.[Tomcat].[localhost].[/]:Initializing Spring DispatcherServlet 'dispatcherServlet'
2023-03-20 07:10:55,587 INFO  [SpringApplicationShutdownHook] org.springframework.orm.jpa.LocalContainerEntityManagerFactoryBean:Closing JPA EntityManagerFactory for persistence unit 'default'
2023-03-20 07:10:55,591 INFO  [SpringApplicationShutdownHook] com.zaxxer.hikari.HikariDataSource:HikariPool-1 - Shutdown initiated...
2023-03-20 07:10:55,596 INFO  [SpringApplicationShutdownHook] com.zaxxer.hikari.HikariDataSource:HikariPool-1 - Shutdown completed.
2023-03-20 16:06:29,149 INFO  [restartedMain] com.library.LibraryApplication:Starting LibraryApplication using Java 19.0.2 on Veysel with PID 16236 (C:\Users\Veysel\IdeaProjects\Projects\Library-Update\target\classes started by Veysel in C:\Users\Veysel\IdeaProjects\Projects\Library-Update)
2023-03-20 16:06:29,150 INFO  [restartedMain] com.library.LibraryApplication:No active profile set, falling back to 1 default profile: "default"
2023-03-20 16:06:29,180 INFO  [restartedMain] org.springframework.boot.devtools.env.DevToolsPropertyDefaultsPostProcessor:Devtools property defaults active! Set 'spring.devtools.add-properties' to 'false' to disable
2023-03-20 16:06:29,180 INFO  [restartedMain] org.springframework.boot.devtools.env.DevToolsPropertyDefaultsPostProcessor:For additional web related logging consider setting the 'logging.level.web' property to 'DEBUG'
2023-03-20 16:06:29,845 INFO  [restartedMain] org.springframework.data.repository.config.RepositoryConfigurationDelegate:Bootstrapping Spring Data JPA repositories in DEFAULT mode.
2023-03-20 16:06:29,906 INFO  [restartedMain] org.springframework.data.repository.config.RepositoryConfigurationDelegate:Finished Spring Data repository scanning in 57 ms. Found 8 JPA repository interfaces.
2023-03-20 16:06:30,305 INFO  [restartedMain] org.springframework.boot.web.embedded.tomcat.TomcatWebServer:Tomcat initialized with port(s): 8080 (http)
2023-03-20 16:06:30,312 INFO  [restartedMain] org.apache.catalina.core.StandardService:Starting service [Tomcat]
2023-03-20 16:06:30,312 INFO  [restartedMain] org.apache.catalina.core.StandardEngine:Starting Servlet engine: [Apache Tomcat/9.0.71]
2023-03-20 16:06:30,374 INFO  [restartedMain] org.apache.catalina.core.ContainerBase.[Tomcat].[localhost].[/]:Initializing Spring embedded WebApplicationContext
2023-03-20 16:06:30,374 INFO  [restartedMain] org.springframework.boot.web.servlet.context.ServletWebServerApplicationContext:Root WebApplicationContext: initialization completed in 1193 ms
2023-03-20 16:06:30,555 INFO  [restartedMain] org.hibernate.jpa.internal.util.LogHelper:HHH000204: Processing PersistenceUnitInfo [name: default]
2023-03-20 16:06:30,589 INFO  [restartedMain] org.hibernate.Version:HHH000412: Hibernate ORM core version 5.6.14.Final
2023-03-20 16:06:30,684 INFO  [restartedMain] org.hibernate.annotations.common.Version:HCANN000001: Hibernate Commons Annotations {5.1.2.Final}
2023-03-20 16:06:30,745 INFO  [restartedMain] com.zaxxer.hikari.HikariDataSource:HikariPool-1 - Starting...
2023-03-20 16:06:30,854 INFO  [restartedMain] com.zaxxer.hikari.HikariDataSource:HikariPool-1 - Start completed.
2023-03-20 16:06:30,866 INFO  [restartedMain] org.hibernate.dialect.Dialect:HHH000400: Using dialect: org.hibernate.dialect.PostgreSQLDialect
2023-03-20 16:06:31,502 INFO  [restartedMain] org.hibernate.engine.transaction.jta.platform.internal.JtaPlatformInitiator:HHH000490: Using JtaPlatform implementation: [org.hibernate.engine.transaction.jta.platform.internal.NoJtaPlatform]
2023-03-20 16:06:31,508 INFO  [restartedMain] org.springframework.orm.jpa.LocalContainerEntityManagerFactoryBean:Initialized JPA EntityManagerFactory for persistence unit 'default'
2023-03-20 16:06:32,085 INFO  [restartedMain] org.springframework.security.web.DefaultSecurityFilterChain:Will secure any request with [org.springframework.security.web.session.DisableEncodeUrlFilter@42de18ca, org.springframework.security.web.context.request.async.WebAsyncManagerIntegrationFilter@c8923d, org.springframework.security.web.context.SecurityContextPersistenceFilter@4f43820, org.springframework.security.web.header.HeaderWriterFilter@51628564, org.springframework.security.web.authentication.logout.LogoutFilter@29224945, com.library.security.jwt.AuthTokenFilter@6b1d5055, org.springframework.security.web.savedrequest.RequestCacheAwareFilter@5388de87, org.springframework.security.web.servletapi.SecurityContextHolderAwareRequestFilter@f98b4a, org.springframework.security.web.authentication.AnonymousAuthenticationFilter@100f561c, org.springframework.security.web.session.SessionManagementFilter@436e85da, org.springframework.security.web.access.ExceptionTranslationFilter@472f6dae, org.springframework.security.web.access.intercept.FilterSecurityInterceptor@7a67067a]
2023-03-20 16:06:32,171 WARN  [restartedMain] org.springframework.boot.autoconfigure.orm.jpa.JpaBaseConfiguration$JpaWebConfiguration:spring.jpa.open-in-view is enabled by default. Therefore, database queries may be performed during view rendering. Explicitly configure spring.jpa.open-in-view to disable this warning
2023-03-20 16:06:32,770 INFO  [restartedMain] org.springframework.boot.devtools.autoconfigure.OptionalLiveReloadServer:LiveReload server is running on port 35729
2023-03-20 16:06:32,774 INFO  [restartedMain] org.springframework.boot.actuate.endpoint.web.EndpointLinksResolver:Exposing 15 endpoint(s) beneath base path '/actuator'
2023-03-20 16:06:32,817 INFO  [restartedMain] org.springframework.boot.web.embedded.tomcat.TomcatWebServer:Tomcat started on port(s): 8080 (http) with context path ''
2023-03-20 16:06:32,829 INFO  [restartedMain] com.library.LibraryApplication:Started LibraryApplication in 4.061 seconds (JVM running for 4.67)
2023-03-20 16:06:33,357 INFO  [RMI TCP Connection(3)-192.168.56.1] org.apache.catalina.core.ContainerBase.[Tomcat].[localhost].[/]:Initializing Spring DispatcherServlet 'dispatcherServlet'
2023-03-20 16:06:39,601 INFO  [SpringApplicationShutdownHook] org.springframework.orm.jpa.LocalContainerEntityManagerFactoryBean:Closing JPA EntityManagerFactory for persistence unit 'default'
2023-03-20 16:06:39,603 INFO  [SpringApplicationShutdownHook] com.zaxxer.hikari.HikariDataSource:HikariPool-1 - Shutdown initiated...
2023-03-20 16:06:39,605 INFO  [SpringApplicationShutdownHook] com.zaxxer.hikari.HikariDataSource:HikariPool-1 - Shutdown completed.
